<?xml version="1.0" encoding="UTF-8"?>
<!-- Generated by org.testng.reporters.JUnitXMLReporter -->
<testsuite hostname="EEEPC0615" name="Test" tests="12" failures="3" timestamp="15 Apr 2019 06:57:06 GMT" time="10.371" errors="0">
  <testcase name="execute" time="8.242" classname="runner.ExecuteTestCases"/>
  <testcase name="execute" time="0.095" classname="runner.ExecuteTestCases"/>
  <testcase name="execute" time="0.056" classname="runner.ExecuteTestCases"/>
  <testcase name="execute" time="0.411" classname="runner.ExecuteTestCases"/>
  <testcase name="execute" time="0.003" classname="runner.ExecuteTestCases"/>
  <testcase name="execute" time="0.195" classname="runner.ExecuteTestCases"/>
  <testcase name="execute" time="0.029" classname="runner.ExecuteTestCases">
    <failure type="java.lang.NoClassDefFoundError" message="org/openqa/selenium/WrapsElement">
      <![CDATA[java.lang.NoClassDefFoundError: org/openqa/selenium/WrapsElement
	at java.lang.ClassLoader.defineClass1(Native Method)
	at java.lang.ClassLoader.defineClass(Unknown Source)
	at java.security.SecureClassLoader.defineClass(Unknown Source)
	at java.net.URLClassLoader.defineClass(Unknown Source)
	at java.net.URLClassLoader.access$100(Unknown Source)
	at java.net.URLClassLoader$1.run(Unknown Source)
	at java.net.URLClassLoader$1.run(Unknown Source)
	at java.security.AccessController.doPrivileged(Native Method)
	at java.net.URLClassLoader.findClass(Unknown Source)
	at java.lang.ClassLoader.loadClass(Unknown Source)
	at sun.misc.Launcher$AppClassLoader.loadClass(Unknown Source)
	at java.lang.ClassLoader.loadClass(Unknown Source)
	at opeartion.UIOperation.perform(UIOperation.java:48)
	at runner.ExecuteTestCases.execute(ExecuteTestCases.java:31)
Caused by: java.lang.ClassNotFoundException: org.openqa.selenium.WrapsElement
	at java.net.URLClassLoader.findClass(Unknown Source)
	at java.lang.ClassLoader.loadClass(Unknown Source)
	at sun.misc.Launcher$AppClassLoader.loadClass(Unknown Source)
	at java.lang.ClassLoader.loadClass(Unknown Source)
	... 38 more
... Removed 24 stack frames]]>
    </failure>
  </testcase> <!-- execute -->
  <testcase name="execute" time="0.028" classname="runner.ExecuteTestCases">
    <failure type="java.lang.NoClassDefFoundError" message="org/openqa/selenium/support/ui/Select">
      <![CDATA[java.lang.NoClassDefFoundError: org/openqa/selenium/support/ui/Select
	at opeartion.UIOperation.perform(UIOperation.java:48)
	at runner.ExecuteTestCases.execute(ExecuteTestCases.java:31)
... Removed 24 stack frames]]>
    </failure>
  </testcase> <!-- execute -->
  <testcase name="execute" time="0.02" classname="runner.ExecuteTestCases">
    <failure type="java.lang.NoClassDefFoundError" message="org/openqa/selenium/support/ui/Select">
      <![CDATA[java.lang.NoClassDefFoundError: org/openqa/selenium/support/ui/Select
	at opeartion.UIOperation.perform(UIOperation.java:48)
	at runner.ExecuteTestCases.execute(ExecuteTestCases.java:31)
... Removed 24 stack frames]]>
    </failure>
  </testcase> <!-- execute -->
  <testcase name="execute" time="0.002" classname="runner.ExecuteTestCases"/>
  <testcase name="execute" time="0.001" classname="runner.ExecuteTestCases"/>
  <testcase name="execute" time="1.233" classname="runner.ExecuteTestCases"/>
</testsuite> <!-- Test -->
